<?xml version="1.0" encoding="UTF-8"?>
<testsuite xmlns:xsi="http://www.w3.org/2001/XMLSchema-instance" xsi:noNamespaceSchemaLocation="https://maven.apache.org/surefire/maven-surefire-plugin/xsd/surefire-test-report.xsd" name="Selendroid apk test senaryosu #1" time="62.287" tests="1" errors="0" skipped="0" failures="1">
  <properties>
[...]
</properties>
  <testcase name="Kullanici selendroid mobil application da kayit olabilmeli" classname="Selendroid apk test senaryosu #1" time="62.287">
    <failure message="username farklı expected:&lt;[UserFerhat]&gt; but was:&lt;[ferhat123]&gt;" type="org.junit.ComparisonFailure"><![CDATA[org.junit.ComparisonFailure: username farklı expected:<[UserFerhat]> but was:<[ferhat123]>
]]></failure>
    <system-out><![CDATA[
@selendroid
Scenario Outline: Kullanici selendroid mobil application da kayit olabilmeli &amp#27;[90m# src/test/resources/features/TC001_RegisterUserTest.feature:19&amp#27;[0m
  &amp#27;[32mGiven &amp#27;[0m&amp#27;[32mKullanici selendroid mobil applikasyonu uyari yazisini kabul eder&amp#27;[0m    &amp#27;[90m# stepdefinitions.TC001RegistirationStepdefinition.kullanici_selendroid_mobil_applikasyonu_uyari_yazisini_kabul_eder()&amp#27;[0m
  &amp#27;[32mAnd &amp#27;[0m&amp#27;[32mKullanici start user registration butonunu tiklar&amp#27;[0m                      &amp#27;[90m# stepdefinitions.TC001RegistirationStepdefinition.kullanici_start_user_registration_butonunu_tiklar()&amp#27;[0m
userName = UserFerhat
  &amp#27;[32mAnd &amp#27;[0m&amp#27;[32mKullanici username olarak &amp#27;[0m&amp#27;[32m&amp#27;[1m"ferhat123"&amp#27;[0m&amp#27;[32m girer&amp#27;[0m                            &amp#27;[90m# stepdefinitions.TC001RegistirationStepdefinition.kullanici_username_olarak_girer(java.lang.String)&amp#27;[0m
  &amp#27;[32mAnd &amp#27;[0m&amp#27;[32mKullanici email olarak &amp#27;[0m&amp#27;[32m&amp#27;[1m"ferhat@hotmail.com"&amp#27;[0m&amp#27;[32m girer&amp#27;[0m                      &amp#27;[90m# stepdefinitions.TC001RegistirationStepdefinition.kullanici_email_olarak_girer(java.lang.String)&amp#27;[0m
  &amp#27;[32mAnd &amp#27;[0m&amp#27;[32mKullanici password plarak &amp#27;[0m&amp#27;[32m&amp#27;[1m"12345"&amp#27;[0m&amp#27;[32m girer&amp#27;[0m                                &amp#27;[90m# stepdefinitions.TC001RegistirationStepdefinition.kullanici_password_plarak_girer(java.lang.String)&amp#27;[0m
  &amp#27;[32mAnd &amp#27;[0m&amp#27;[32mKullanici name olarak &amp#27;[0m&amp#27;[32m&amp#27;[1m"ferhat"&amp#27;[0m&amp#27;[32m girer&amp#27;[0m                                   &amp#27;[90m# stepdefinitions.TC001RegistirationStepdefinition.kullanici_name_olarak_girer(java.lang.String)&amp#27;[0m
  &amp#27;[32mAnd &amp#27;[0m&amp#27;[32mKullanici programming language olarak &amp#27;[0m&amp#27;[32m&amp#27;[1m"Java"&amp#27;[0m&amp#27;[32m girer&amp#27;[0m                     &amp#27;[90m# stepdefinitions.TC001RegistirationStepdefinition.kullaniciProgrammingLanguageOlarakGirer(java.lang.String)&amp#27;[0m
  &amp#27;[32mAnd &amp#27;[0m&amp#27;[32mKullanici accept adds butonu secer ve register butonuna basar&amp#27;[0m          &amp#27;[90m# stepdefinitions.TC001RegistirationStepdefinition.kullaniciAcceptAddsButonuSecerVeRegisterButonunaBasar()&amp#27;[0m
  &amp#27;[31mThen &amp#27;[0m&amp#27;[31mKullanici girdigi bilgilerin dogru oldugunu teyit eder&amp#27;[0m                &amp#27;[90m# stepdefinitions.TC001RegistirationStepdefinition.kullaniciGirdigiBilgilerinDogruOldugunuTeyitEder()&amp#27;[0m
      &amp#27;[31morg.junit.ComparisonFailure: username farklı expected:<[UserFerhat]> but was:<[ferhat123]>
	at org.junit.Assert.assertEquals(Assert.java:117)
	at stepdefinitions.TC001RegistirationStepdefinition.kullaniciGirdigiBilgilerinDogruOldugunuTeyitEder(TC001RegistirationStepdefinition.java:88)
	at ✽.Kullanici girdigi bilgilerin dogru oldugunu teyit eder(file:///C:/Users/Mehmet/Desktop/selendroidAppTest/src/test/resources/features/TC001_RegisterUserTest.feature:13)
&amp#27;[0m
  &amp#27;[36mThen &amp#27;[0m&amp#27;[36mKullanici register user butonuna basar&amp#27;[0m                                &amp#27;[90m# stepdefinitions.TC001RegistirationStepdefinition.kullaniciRegisterUserButonunaBasar()&amp#27;[0m
]]></system-out>
    <system-err><![CDATA[Sep 19, 2022 9:19:35 PM io.appium.java_client.remote.AppiumCommandExecutor$1 lambda$0
INFO: Detected dialect: W3C
ERROR StatusLogger Log4j2 could not find a logging implementation. Please add log4j-core to the classpath. Using SimpleLogger to log to the console...
]]></system-err>
  </testcase>
</testsuite>